<?xml version="1.0" encoding="UTF-8"?>
<!-- Generated by org.testng.reporters.JUnitXMLReporter -->
<testsuite ignored="2" hostname="DESKTOP-9GT9N0E" failures="0" tests="4" name="Test" time="64.821" errors="0" timestamp="2022-11-11T08:46:36 IST">
  <testcase classname="testcases.SimplilearnLoginTest" name="Test1" time="10.104"/>
  <testcase classname="testcases.SimplilearnLoginTest" name="Test2" time="7.285"/>
  <testcase classname="testcases.SimplilearnLoginTest" name="Test3" time="10.536"/>
  <testcase classname="testcases.HomeTest" name="Test1" time="0.003"/>
  <testcase classname="testcases.BaseClass" name="@BeforeTest DataSetUp" time="0.0">
    <ignored/>
  </testcase> <!-- @BeforeTest DataSetUp -->
  <testcase classname="testcases.BaseClass" name="@AfterTest DataClean" time="0.0">
    <ignored/>
  </testcase> <!-- @AfterTest DataClean -->
</testsuite> <!-- Test -->
