<?xml version="1.0" encoding="UTF-8"?>
<!-- Generated by org.testng.reporters.JUnitXMLReporter -->
<testsuite ignored="0" hostname="DESKTOP-9GT9N0E" failures="0" tests="3" name="Test" time="21.645" errors="0" timestamp="2022-11-10T08:55:32 IST">
  <testcase classname="testcases.SimplilearnLoginTest" name="Test1" time="7.595"/>
  <testcase classname="testcases.SimplilearnLoginTest" name="Test2" time="5.295"/>
  <testcase classname="testcases.HomeTest" name="Test1" time="0.001"/>
</testsuite> <!-- Test -->
