<?xml version="1.0" encoding="UTF-8"?>
<testng-results ignored="0" total="3" passed="3" failed="0" skipped="0">
  <reporter-output>
  </reporter-output>
  <suite started-at="2022-11-10T08:55:10 IST" name="Suite" finished-at="2022-11-10T08:55:32 IST" duration-ms="21645">
    <groups>
    </groups>
    <test started-at="2022-11-10T08:55:10 IST" name="Test" finished-at="2022-11-10T08:55:32 IST" duration-ms="21645">
      <class name="testcases.HomeTest">
        <test-method is-config="true" signature="SetUp()[pri:0, instance:testcases.HomeTest@10e92f8f]" started-at="2022-11-10T08:55:29 IST" name="SetUp" finished-at="2022-11-10T08:55:31 IST" duration-ms="2383" status="PASS">
          <reporter-output>
          </reporter-output>
        </test-method> <!-- SetUp -->
        <test-method signature="Test1()[pri:0, instance:testcases.HomeTest@10e92f8f]" started-at="2022-11-10T08:55:31 IST" name="Test1" finished-at="2022-11-10T08:55:31 IST" duration-ms="1" status="PASS">
          <reporter-output>
          </reporter-output>
        </test-method> <!-- Test1 -->
        <test-method is-config="true" signature="TearDown()[pri:0, instance:testcases.HomeTest@10e92f8f]" started-at="2022-11-10T08:55:31 IST" name="TearDown" finished-at="2022-11-10T08:55:32 IST" duration-ms="426" status="PASS">
          <reporter-output>
          </reporter-output>
        </test-method> <!-- TearDown -->
      </class> <!-- testcases.HomeTest -->
      <class name="testcases.SimplilearnLoginTest">
        <test-method is-config="true" signature="SetUp()[pri:0, instance:testcases.SimplilearnLoginTest@161479c6]" started-at="2022-11-10T08:55:10 IST" name="SetUp" finished-at="2022-11-10T08:55:13 IST" duration-ms="3082" status="PASS">
          <reporter-output>
          </reporter-output>
        </test-method> <!-- SetUp -->
        <test-method signature="Test1()[pri:0, instance:testcases.SimplilearnLoginTest@161479c6]" started-at="2022-11-10T08:55:13 IST" name="Test1" finished-at="2022-11-10T08:55:21 IST" duration-ms="7595" status="PASS">
          <reporter-output>
          </reporter-output>
        </test-method> <!-- Test1 -->
        <test-method is-config="true" signature="TearDown()[pri:0, instance:testcases.SimplilearnLoginTest@161479c6]" started-at="2022-11-10T08:55:21 IST" name="TearDown" finished-at="2022-11-10T08:55:21 IST" duration-ms="169" status="PASS">
          <reporter-output>
          </reporter-output>
        </test-method> <!-- TearDown -->
        <test-method is-config="true" signature="SetUp()[pri:0, instance:testcases.SimplilearnLoginTest@161479c6]" started-at="2022-11-10T08:55:21 IST" name="SetUp" finished-at="2022-11-10T08:55:23 IST" duration-ms="2546" status="PASS">
          <reporter-output>
          </reporter-output>
        </test-method> <!-- SetUp -->
        <test-method signature="Test2()[pri:0, instance:testcases.SimplilearnLoginTest@161479c6]" started-at="2022-11-10T08:55:23 IST" name="Test2" finished-at="2022-11-10T08:55:29 IST" duration-ms="5295" status="PASS">
          <reporter-output>
          </reporter-output>
        </test-method> <!-- Test2 -->
        <test-method is-config="true" signature="TearDown()[pri:0, instance:testcases.SimplilearnLoginTest@161479c6]" started-at="2022-11-10T08:55:29 IST" name="TearDown" finished-at="2022-11-10T08:55:29 IST" duration-ms="81" status="PASS">
          <reporter-output>
          </reporter-output>
        </test-method> <!-- TearDown -->
      </class> <!-- testcases.SimplilearnLoginTest -->
    </test> <!-- Test -->
  </suite> <!-- Suite -->
</testng-results>
