<?xml version="1.0" encoding="UTF-8"?>
<testng-results ignored="2" total="6" passed="4" failed="0" skipped="0">
  <reporter-output>
  </reporter-output>
  <suite started-at="2022-11-11T08:45:31 IST" name="Suite" finished-at="2022-11-11T08:46:36 IST" duration-ms="64821">
    <groups>
    </groups>
    <test started-at="2022-11-11T08:45:31 IST" name="Test" finished-at="2022-11-11T08:46:36 IST" duration-ms="64821">
      <class name="testcases.HomeTest">
        <test-method is-config="true" signature="SetUp()[pri:0, instance:testcases.HomeTest@4a94ee4]" started-at="2022-11-11T08:46:15 IST" name="SetUp" finished-at="2022-11-11T08:46:20 IST" duration-ms="4544" status="PASS">
          <reporter-output>
          </reporter-output>
        </test-method> <!-- SetUp -->
        <test-method signature="Test1()[pri:0, instance:testcases.HomeTest@4a94ee4]" started-at="2022-11-11T08:46:20 IST" name="Test1" finished-at="2022-11-11T08:46:20 IST" duration-ms="3" status="PASS">
          <reporter-output>
          </reporter-output>
        </test-method> <!-- Test1 -->
        <test-method is-config="true" signature="TearDown()[pri:0, instance:testcases.HomeTest@4a94ee4]" started-at="2022-11-11T08:46:20 IST" name="TearDown" finished-at="2022-11-11T08:46:36 IST" duration-ms="16318" status="PASS">
          <reporter-output>
          </reporter-output>
        </test-method> <!-- TearDown -->
      </class> <!-- testcases.HomeTest -->
      <class name="testcases.SimplilearnLoginTest">
        <test-method is-config="true" signature="DataSetUp()[pri:0, instance:testcases.SimplilearnLoginTest@359f7cdf]" started-at="2022-11-11T08:45:31 IST" name="DataSetUp" finished-at="2022-11-11T08:45:32 IST" duration-ms="1154" status="PASS">
          <reporter-output>
          </reporter-output>
        </test-method> <!-- DataSetUp -->
        <test-method is-config="true" signature="SetUp()[pri:0, instance:testcases.SimplilearnLoginTest@359f7cdf]" started-at="2022-11-11T08:45:32 IST" name="SetUp" finished-at="2022-11-11T08:45:38 IST" duration-ms="5445" status="PASS">
          <reporter-output>
          </reporter-output>
        </test-method> <!-- SetUp -->
        <test-method signature="Test1()[pri:0, instance:testcases.SimplilearnLoginTest@359f7cdf]" started-at="2022-11-11T08:45:38 IST" name="Test1" finished-at="2022-11-11T08:45:48 IST" duration-ms="10104" status="PASS">
          <reporter-output>
          </reporter-output>
        </test-method> <!-- Test1 -->
        <test-method is-config="true" signature="TearDown()[pri:0, instance:testcases.SimplilearnLoginTest@359f7cdf]" started-at="2022-11-11T08:45:48 IST" name="TearDown" finished-at="2022-11-11T08:45:48 IST" duration-ms="215" status="PASS">
          <reporter-output>
          </reporter-output>
        </test-method> <!-- TearDown -->
        <test-method is-config="true" signature="SetUp()[pri:0, instance:testcases.SimplilearnLoginTest@359f7cdf]" started-at="2022-11-11T08:45:48 IST" name="SetUp" finished-at="2022-11-11T08:45:52 IST" duration-ms="4135" status="PASS">
          <reporter-output>
          </reporter-output>
        </test-method> <!-- SetUp -->
        <test-method signature="Test2(java.lang.String,java.lang.String)[pri:0, instance:testcases.SimplilearnLoginTest@359f7cdf]" started-at="2022-11-11T08:45:52 IST" name="Test2" finished-at="2022-11-11T08:45:59 IST" duration-ms="7285" status="PASS">
          <params>
            <param index="0">
              <value>
                <![CDATA[abc@xyz.com]]>
              </value>
            </param>
            <param index="1">
              <value>
                <![CDATA[Abc@1234]]>
              </value>
            </param>
          </params>
          <reporter-output>
          </reporter-output>
        </test-method> <!-- Test2 -->
        <test-method is-config="true" signature="TearDown()[pri:0, instance:testcases.SimplilearnLoginTest@359f7cdf]" started-at="2022-11-11T08:45:59 IST" name="TearDown" finished-at="2022-11-11T08:46:00 IST" duration-ms="387" status="PASS">
          <reporter-output>
          </reporter-output>
        </test-method> <!-- TearDown -->
        <test-method is-config="true" signature="SetUp()[pri:0, instance:testcases.SimplilearnLoginTest@359f7cdf]" started-at="2022-11-11T08:46:00 IST" name="SetUp" finished-at="2022-11-11T08:46:04 IST" duration-ms="4405" status="PASS">
          <reporter-output>
          </reporter-output>
        </test-method> <!-- SetUp -->
        <test-method signature="Test3()[pri:0, instance:testcases.SimplilearnLoginTest@359f7cdf]" started-at="2022-11-11T08:46:04 IST" name="Test3" finished-at="2022-11-11T08:46:15 IST" duration-ms="10536" status="PASS">
          <reporter-output>
          </reporter-output>
        </test-method> <!-- Test3 -->
        <test-method is-config="true" signature="TearDown()[pri:0, instance:testcases.SimplilearnLoginTest@359f7cdf]" started-at="2022-11-11T08:46:15 IST" name="TearDown" finished-at="2022-11-11T08:46:15 IST" duration-ms="171" status="PASS">
          <reporter-output>
          </reporter-output>
        </test-method> <!-- TearDown -->
        <test-method is-config="true" signature="DataClean()[pri:0, instance:testcases.SimplilearnLoginTest@359f7cdf]" started-at="2022-11-11T08:46:36 IST" name="DataClean" finished-at="2022-11-11T08:46:36 IST" duration-ms="2" status="PASS">
          <reporter-output>
          </reporter-output>
        </test-method> <!-- DataClean -->
      </class> <!-- testcases.SimplilearnLoginTest -->
    </test> <!-- Test -->
  </suite> <!-- Suite -->
</testng-results>
